  Camera.cpp
  Entity.cpp
C:\Users\diego\Desktop\Diego\UCM\4\TFG\OpenGL_DSL\Practica5\IG1App\Entity.cpp(149,39): warning C4244: 'argumento': conversión de 'const T' a 'GLfloat'; posible pérdida de datos
C:\Users\diego\Desktop\Diego\UCM\4\TFG\OpenGL_DSL\Practica5\IG1App\Entity.cpp(149,39): warning C4244:         with
C:\Users\diego\Desktop\Diego\UCM\4\TFG\OpenGL_DSL\Practica5\IG1App\Entity.cpp(149,39): warning C4244:         [
C:\Users\diego\Desktop\Diego\UCM\4\TFG\OpenGL_DSL\Practica5\IG1App\Entity.cpp(149,39): warning C4244:             T=glm::f64
C:\Users\diego\Desktop\Diego\UCM\4\TFG\OpenGL_DSL\Practica5\IG1App\Entity.cpp(149,39): warning C4244:         ]
C:\Users\diego\Desktop\Diego\UCM\4\TFG\OpenGL_DSL\Practica5\IG1App\Entity.cpp(149,29): warning C4244: 'argumento': conversión de 'const T' a 'GLfloat'; posible pérdida de datos
C:\Users\diego\Desktop\Diego\UCM\4\TFG\OpenGL_DSL\Practica5\IG1App\Entity.cpp(149,29): warning C4244:         with
C:\Users\diego\Desktop\Diego\UCM\4\TFG\OpenGL_DSL\Practica5\IG1App\Entity.cpp(149,29): warning C4244:         [
C:\Users\diego\Desktop\Diego\UCM\4\TFG\OpenGL_DSL\Practica5\IG1App\Entity.cpp(149,29): warning C4244:             T=glm::f64
C:\Users\diego\Desktop\Diego\UCM\4\TFG\OpenGL_DSL\Practica5\IG1App\Entity.cpp(149,29): warning C4244:         ]
C:\Users\diego\Desktop\Diego\UCM\4\TFG\OpenGL_DSL\Practica5\IG1App\Entity.cpp(149,19): warning C4244: 'argumento': conversión de 'const T' a 'GLfloat'; posible pérdida de datos
C:\Users\diego\Desktop\Diego\UCM\4\TFG\OpenGL_DSL\Practica5\IG1App\Entity.cpp(149,19): warning C4244:         with
C:\Users\diego\Desktop\Diego\UCM\4\TFG\OpenGL_DSL\Practica5\IG1App\Entity.cpp(149,19): warning C4244:         [
C:\Users\diego\Desktop\Diego\UCM\4\TFG\OpenGL_DSL\Practica5\IG1App\Entity.cpp(149,19): warning C4244:             T=glm::f64
C:\Users\diego\Desktop\Diego\UCM\4\TFG\OpenGL_DSL\Practica5\IG1App\Entity.cpp(149,19): warning C4244:         ]
C:\Users\diego\Desktop\Diego\UCM\4\TFG\OpenGL_DSL\Practica5\IG1App\Entity.cpp(167,39): warning C4244: 'argumento': conversión de 'const T' a 'GLfloat'; posible pérdida de datos
C:\Users\diego\Desktop\Diego\UCM\4\TFG\OpenGL_DSL\Practica5\IG1App\Entity.cpp(167,39): warning C4244:         with
C:\Users\diego\Desktop\Diego\UCM\4\TFG\OpenGL_DSL\Practica5\IG1App\Entity.cpp(167,39): warning C4244:         [
C:\Users\diego\Desktop\Diego\UCM\4\TFG\OpenGL_DSL\Practica5\IG1App\Entity.cpp(167,39): warning C4244:             T=glm::f64
C:\Users\diego\Desktop\Diego\UCM\4\TFG\OpenGL_DSL\Practica5\IG1App\Entity.cpp(167,39): warning C4244:         ]
C:\Users\diego\Desktop\Diego\UCM\4\TFG\OpenGL_DSL\Practica5\IG1App\Entity.cpp(167,29): warning C4244: 'argumento': conversión de 'const T' a 'GLfloat'; posible pérdida de datos
C:\Users\diego\Desktop\Diego\UCM\4\TFG\OpenGL_DSL\Practica5\IG1App\Entity.cpp(167,29): warning C4244:         with
C:\Users\diego\Desktop\Diego\UCM\4\TFG\OpenGL_DSL\Practica5\IG1App\Entity.cpp(167,29): warning C4244:         [
C:\Users\diego\Desktop\Diego\UCM\4\TFG\OpenGL_DSL\Practica5\IG1App\Entity.cpp(167,29): warning C4244:             T=glm::f64
C:\Users\diego\Desktop\Diego\UCM\4\TFG\OpenGL_DSL\Practica5\IG1App\Entity.cpp(167,29): warning C4244:         ]
C:\Users\diego\Desktop\Diego\UCM\4\TFG\OpenGL_DSL\Practica5\IG1App\Entity.cpp(167,19): warning C4244: 'argumento': conversión de 'const T' a 'GLfloat'; posible pérdida de datos
C:\Users\diego\Desktop\Diego\UCM\4\TFG\OpenGL_DSL\Practica5\IG1App\Entity.cpp(167,19): warning C4244:         with
C:\Users\diego\Desktop\Diego\UCM\4\TFG\OpenGL_DSL\Practica5\IG1App\Entity.cpp(167,19): warning C4244:         [
C:\Users\diego\Desktop\Diego\UCM\4\TFG\OpenGL_DSL\Practica5\IG1App\Entity.cpp(167,19): warning C4244:             T=glm::f64
C:\Users\diego\Desktop\Diego\UCM\4\TFG\OpenGL_DSL\Practica5\IG1App\Entity.cpp(167,19): warning C4244:         ]
C:\Users\diego\Desktop\Diego\UCM\4\TFG\OpenGL_DSL\Practica5\IG1App\Entity.cpp(185,39): warning C4244: 'argumento': conversión de 'const T' a 'GLfloat'; posible pérdida de datos
C:\Users\diego\Desktop\Diego\UCM\4\TFG\OpenGL_DSL\Practica5\IG1App\Entity.cpp(185,39): warning C4244:         with
C:\Users\diego\Desktop\Diego\UCM\4\TFG\OpenGL_DSL\Practica5\IG1App\Entity.cpp(185,39): warning C4244:         [
C:\Users\diego\Desktop\Diego\UCM\4\TFG\OpenGL_DSL\Practica5\IG1App\Entity.cpp(185,39): warning C4244:             T=glm::f64
C:\Users\diego\Desktop\Diego\UCM\4\TFG\OpenGL_DSL\Practica5\IG1App\Entity.cpp(185,39): warning C4244:         ]
C:\Users\diego\Desktop\Diego\UCM\4\TFG\OpenGL_DSL\Practica5\IG1App\Entity.cpp(185,29): warning C4244: 'argumento': conversión de 'const T' a 'GLfloat'; posible pérdida de datos
C:\Users\diego\Desktop\Diego\UCM\4\TFG\OpenGL_DSL\Practica5\IG1App\Entity.cpp(185,29): warning C4244:         with
C:\Users\diego\Desktop\Diego\UCM\4\TFG\OpenGL_DSL\Practica5\IG1App\Entity.cpp(185,29): warning C4244:         [
C:\Users\diego\Desktop\Diego\UCM\4\TFG\OpenGL_DSL\Practica5\IG1App\Entity.cpp(185,29): warning C4244:             T=glm::f64
C:\Users\diego\Desktop\Diego\UCM\4\TFG\OpenGL_DSL\Practica5\IG1App\Entity.cpp(185,29): warning C4244:         ]
C:\Users\diego\Desktop\Diego\UCM\4\TFG\OpenGL_DSL\Practica5\IG1App\Entity.cpp(185,19): warning C4244: 'argumento': conversión de 'const T' a 'GLfloat'; posible pérdida de datos
C:\Users\diego\Desktop\Diego\UCM\4\TFG\OpenGL_DSL\Practica5\IG1App\Entity.cpp(185,19): warning C4244:         with
C:\Users\diego\Desktop\Diego\UCM\4\TFG\OpenGL_DSL\Practica5\IG1App\Entity.cpp(185,19): warning C4244:         [
C:\Users\diego\Desktop\Diego\UCM\4\TFG\OpenGL_DSL\Practica5\IG1App\Entity.cpp(185,19): warning C4244:             T=glm::f64
C:\Users\diego\Desktop\Diego\UCM\4\TFG\OpenGL_DSL\Practica5\IG1App\Entity.cpp(185,19): warning C4244:         ]
C:\Users\diego\Desktop\Diego\UCM\4\TFG\OpenGL_DSL\Practica5\IG1App\Entity.cpp(203,39): warning C4244: 'argumento': conversión de 'const T' a 'GLfloat'; posible pérdida de datos
C:\Users\diego\Desktop\Diego\UCM\4\TFG\OpenGL_DSL\Practica5\IG1App\Entity.cpp(203,39): warning C4244:         with
C:\Users\diego\Desktop\Diego\UCM\4\TFG\OpenGL_DSL\Practica5\IG1App\Entity.cpp(203,39): warning C4244:         [
C:\Users\diego\Desktop\Diego\UCM\4\TFG\OpenGL_DSL\Practica5\IG1App\Entity.cpp(203,39): warning C4244:             T=glm::f64
C:\Users\diego\Desktop\Diego\UCM\4\TFG\OpenGL_DSL\Practica5\IG1App\Entity.cpp(203,39): warning C4244:         ]
C:\Users\diego\Desktop\Diego\UCM\4\TFG\OpenGL_DSL\Practica5\IG1App\Entity.cpp(203,29): warning C4244: 'argumento': conversión de 'const T' a 'GLfloat'; posible pérdida de datos
C:\Users\diego\Desktop\Diego\UCM\4\TFG\OpenGL_DSL\Practica5\IG1App\Entity.cpp(203,29): warning C4244:         with
C:\Users\diego\Desktop\Diego\UCM\4\TFG\OpenGL_DSL\Practica5\IG1App\Entity.cpp(203,29): warning C4244:         [
C:\Users\diego\Desktop\Diego\UCM\4\TFG\OpenGL_DSL\Practica5\IG1App\Entity.cpp(203,29): warning C4244:             T=glm::f64
C:\Users\diego\Desktop\Diego\UCM\4\TFG\OpenGL_DSL\Practica5\IG1App\Entity.cpp(203,29): warning C4244:         ]
C:\Users\diego\Desktop\Diego\UCM\4\TFG\OpenGL_DSL\Practica5\IG1App\Entity.cpp(203,19): warning C4244: 'argumento': conversión de 'const T' a 'GLfloat'; posible pérdida de datos
C:\Users\diego\Desktop\Diego\UCM\4\TFG\OpenGL_DSL\Practica5\IG1App\Entity.cpp(203,19): warning C4244:         with
C:\Users\diego\Desktop\Diego\UCM\4\TFG\OpenGL_DSL\Practica5\IG1App\Entity.cpp(203,19): warning C4244:         [
C:\Users\diego\Desktop\Diego\UCM\4\TFG\OpenGL_DSL\Practica5\IG1App\Entity.cpp(203,19): warning C4244:             T=glm::f64
C:\Users\diego\Desktop\Diego\UCM\4\TFG\OpenGL_DSL\Practica5\IG1App\Entity.cpp(203,19): warning C4244:         ]
  Mesh.cpp
C:\Users\diego\Desktop\Diego\UCM\4\TFG\OpenGL_DSL\Practica5\IG1App\Mesh.cpp(91,28): warning C4244: 'inicializando': conversión de 'GLuint' a 'float'; posible pérdida de datos
  Node.cpp
  Scene.cpp
C:\Users\diego\Desktop\Diego\UCM\4\TFG\OpenGL_DSL\Practica5\IG1App\Scene.cpp(28,25): warning C4305: 'argumento': truncamiento de 'double' a 'GLclampf'
C:\Users\diego\Desktop\Diego\UCM\4\TFG\OpenGL_DSL\Practica5\IG1App\Scene.cpp(28,20): warning C4305: 'argumento': truncamiento de 'double' a 'GLclampf'
C:\Users\diego\Desktop\Diego\UCM\4\TFG\OpenGL_DSL\Practica5\IG1App\Scene.cpp(28,15): warning C4305: 'argumento': truncamiento de 'double' a 'GLclampf'
  main.cpp
  Generando código...
  IG1App.vcxproj -> C:\Users\diego\Desktop\Diego\UCM\4\TFG\OpenGL_DSL\Practica5\bin\IG1AppDebug.exe
